0 info it worked if it ends with ok
1 verbose cli [ 'C:\\Program Files\\nodejs\\\\node.exe',
1 verbose cli   'C:\\Program Files\\nodejs\\node_modules\\npm\\bin\\npm-cli.js',
1 verbose cli   'install',
1 verbose cli   '-g',
1 verbose cli   '-react-tools' ]
2 info using npm@2.11.3
3 info using node@v0.12.7
4 verbose install initial load of C:\Users\Rubber Ducky III\AppData\Roaming\npm\package.json
5 verbose readDependencies loading dependencies from C:\Users\Rubber Ducky III\AppData\Roaming\npm\package.json
6 silly cache add args [ '.', null ]
7 verbose cache add spec .
8 silly cache add parsed spec { raw: '.',
8 silly cache add   scope: null,
8 silly cache add   name: null,
8 silly cache add   rawSpec: '.',
8 silly cache add   spec: 'D:\\Github\\Twitter_IssueTracker',
8 silly cache add   type: 'directory' }
9 error addLocal Could not install D:\Github\Twitter_IssueTracker
10 verbose stack Error: No version provided in package.json
10 verbose stack     at C:\Program Files\nodejs\node_modules\npm\lib\cache\add-local.js:70:17
10 verbose stack     at C:\Program Files\nodejs\node_modules\npm\node_modules\read-package-json\read-json.js:345:5
10 verbose stack     at checkBinReferences_ (C:\Program Files\nodejs\node_modules\npm\node_modules\read-package-json\read-json.js:309:45)
10 verbose stack     at final (C:\Program Files\nodejs\node_modules\npm\node_modules\read-package-json\read-json.js:343:3)
10 verbose stack     at then (C:\Program Files\nodejs\node_modules\npm\node_modules\read-package-json\read-json.js:113:5)
10 verbose stack     at C:\Program Files\nodejs\node_modules\npm\node_modules\read-package-json\read-json.js:232:12
10 verbose stack     at evalmachine.<anonymous>:334:14
10 verbose stack     at C:\Program Files\nodejs\node_modules\npm\node_modules\graceful-fs\graceful-fs.js:102:5
10 verbose stack     at FSReqWrap.oncomplete (evalmachine.<anonymous>:95:15)
11 verbose cwd D:\Github\Twitter_IssueTracker
12 error Windows_NT 6.1.7601
13 error argv "C:\\Program Files\\nodejs\\\\node.exe" "C:\\Program Files\\nodejs\\node_modules\\npm\\bin\\npm-cli.js" "install" "-g" "-react-tools"
14 error node v0.12.7
15 error npm  v2.11.3
16 error No version provided in package.json
17 error If you need help, you may report this error at:
17 error     <https://github.com/npm/npm/issues>
18 verbose exit [ 1, true ]
